ARM GAS  C:\Users\vovua\AppData\Local\Temp\ccW7Bf2z.s 			page 1


   1              		.cpu cortex-m3
   2              		.arch armv7-m
   3              		.fpu softvfp
   4              		.eabi_attribute 20, 1
   5              		.eabi_attribute 21, 1
   6              		.eabi_attribute 23, 3
   7              		.eabi_attribute 24, 1
   8              		.eabi_attribute 25, 1
   9              		.eabi_attribute 26, 1
  10              		.eabi_attribute 30, 1
  11              		.eabi_attribute 34, 1
  12              		.eabi_attribute 18, 4
  13              		.file	"stm32f1xx_hal_gpio_ex.c"
  14              		.text
  15              	.Ltext0:
  16              		.cfi_sections	.debug_frame
  17              		.file 1 "C:/Users/vovua/STM32Cube/Repository/STM32Cube_FW_F1_V1.8.4/Drivers/STM32F1xx_HAL_Driver/S
  18              		.section	.text.HAL_GPIOEx_ConfigEventout,"ax",%progbits
  19              		.align	1
  20              		.global	HAL_GPIOEx_ConfigEventout
  21              		.syntax unified
  22              		.thumb
  23              		.thumb_func
  25              	HAL_GPIOEx_ConfigEventout:
  26              	.LVL0:
  27              	.LFB65:
   1:C:/Users/vovua/STM32Cube/Repository/STM32Cube_FW_F1_V1.8.4/Drivers/STM32F1xx_HAL_Driver/Src\stm32f1xx_hal_gpio_ex.c **** /**
   2:C:/Users/vovua/STM32Cube/Repository/STM32Cube_FW_F1_V1.8.4/Drivers/STM32F1xx_HAL_Driver/Src\stm32f1xx_hal_gpio_ex.c ****   ******************************************************************************
   3:C:/Users/vovua/STM32Cube/Repository/STM32Cube_FW_F1_V1.8.4/Drivers/STM32F1xx_HAL_Driver/Src\stm32f1xx_hal_gpio_ex.c ****   * @file    stm32f1xx_hal_gpio_ex.c
   4:C:/Users/vovua/STM32Cube/Repository/STM32Cube_FW_F1_V1.8.4/Drivers/STM32F1xx_HAL_Driver/Src\stm32f1xx_hal_gpio_ex.c ****   * @author  MCD Application Team
   5:C:/Users/vovua/STM32Cube/Repository/STM32Cube_FW_F1_V1.8.4/Drivers/STM32F1xx_HAL_Driver/Src\stm32f1xx_hal_gpio_ex.c ****   * @brief   GPIO Extension HAL module driver.
   6:C:/Users/vovua/STM32Cube/Repository/STM32Cube_FW_F1_V1.8.4/Drivers/STM32F1xx_HAL_Driver/Src\stm32f1xx_hal_gpio_ex.c ****   *         This file provides firmware functions to manage the following
   7:C:/Users/vovua/STM32Cube/Repository/STM32Cube_FW_F1_V1.8.4/Drivers/STM32F1xx_HAL_Driver/Src\stm32f1xx_hal_gpio_ex.c ****   *          functionalities of the General Purpose Input/Output (GPIO) extension peripheral.
   8:C:/Users/vovua/STM32Cube/Repository/STM32Cube_FW_F1_V1.8.4/Drivers/STM32F1xx_HAL_Driver/Src\stm32f1xx_hal_gpio_ex.c ****   *           + Extended features functions
   9:C:/Users/vovua/STM32Cube/Repository/STM32Cube_FW_F1_V1.8.4/Drivers/STM32F1xx_HAL_Driver/Src\stm32f1xx_hal_gpio_ex.c ****   *
  10:C:/Users/vovua/STM32Cube/Repository/STM32Cube_FW_F1_V1.8.4/Drivers/STM32F1xx_HAL_Driver/Src\stm32f1xx_hal_gpio_ex.c ****   @verbatim
  11:C:/Users/vovua/STM32Cube/Repository/STM32Cube_FW_F1_V1.8.4/Drivers/STM32F1xx_HAL_Driver/Src\stm32f1xx_hal_gpio_ex.c ****   ==============================================================================
  12:C:/Users/vovua/STM32Cube/Repository/STM32Cube_FW_F1_V1.8.4/Drivers/STM32F1xx_HAL_Driver/Src\stm32f1xx_hal_gpio_ex.c ****                     ##### GPIO Peripheral extension features #####
  13:C:/Users/vovua/STM32Cube/Repository/STM32Cube_FW_F1_V1.8.4/Drivers/STM32F1xx_HAL_Driver/Src\stm32f1xx_hal_gpio_ex.c ****   ==============================================================================
  14:C:/Users/vovua/STM32Cube/Repository/STM32Cube_FW_F1_V1.8.4/Drivers/STM32F1xx_HAL_Driver/Src\stm32f1xx_hal_gpio_ex.c ****   [..] GPIO module on STM32F1 family, manage also the AFIO register:
  15:C:/Users/vovua/STM32Cube/Repository/STM32Cube_FW_F1_V1.8.4/Drivers/STM32F1xx_HAL_Driver/Src\stm32f1xx_hal_gpio_ex.c ****        (+) Possibility to use the EVENTOUT Cortex feature
  16:C:/Users/vovua/STM32Cube/Repository/STM32Cube_FW_F1_V1.8.4/Drivers/STM32F1xx_HAL_Driver/Src\stm32f1xx_hal_gpio_ex.c **** 
  17:C:/Users/vovua/STM32Cube/Repository/STM32Cube_FW_F1_V1.8.4/Drivers/STM32F1xx_HAL_Driver/Src\stm32f1xx_hal_gpio_ex.c ****                      ##### How to use this driver #####
  18:C:/Users/vovua/STM32Cube/Repository/STM32Cube_FW_F1_V1.8.4/Drivers/STM32F1xx_HAL_Driver/Src\stm32f1xx_hal_gpio_ex.c ****   ==============================================================================
  19:C:/Users/vovua/STM32Cube/Repository/STM32Cube_FW_F1_V1.8.4/Drivers/STM32F1xx_HAL_Driver/Src\stm32f1xx_hal_gpio_ex.c ****   [..] This driver provides functions to use EVENTOUT Cortex feature
  20:C:/Users/vovua/STM32Cube/Repository/STM32Cube_FW_F1_V1.8.4/Drivers/STM32F1xx_HAL_Driver/Src\stm32f1xx_hal_gpio_ex.c ****     (#) Configure EVENTOUT Cortex feature using the function HAL_GPIOEx_ConfigEventout()
  21:C:/Users/vovua/STM32Cube/Repository/STM32Cube_FW_F1_V1.8.4/Drivers/STM32F1xx_HAL_Driver/Src\stm32f1xx_hal_gpio_ex.c ****     (#) Activate EVENTOUT Cortex feature using the HAL_GPIOEx_EnableEventout()
  22:C:/Users/vovua/STM32Cube/Repository/STM32Cube_FW_F1_V1.8.4/Drivers/STM32F1xx_HAL_Driver/Src\stm32f1xx_hal_gpio_ex.c ****     (#) Deactivate EVENTOUT Cortex feature using the HAL_GPIOEx_DisableEventout()
  23:C:/Users/vovua/STM32Cube/Repository/STM32Cube_FW_F1_V1.8.4/Drivers/STM32F1xx_HAL_Driver/Src\stm32f1xx_hal_gpio_ex.c **** 
  24:C:/Users/vovua/STM32Cube/Repository/STM32Cube_FW_F1_V1.8.4/Drivers/STM32F1xx_HAL_Driver/Src\stm32f1xx_hal_gpio_ex.c ****   @endverbatim
  25:C:/Users/vovua/STM32Cube/Repository/STM32Cube_FW_F1_V1.8.4/Drivers/STM32F1xx_HAL_Driver/Src\stm32f1xx_hal_gpio_ex.c ****   ******************************************************************************
  26:C:/Users/vovua/STM32Cube/Repository/STM32Cube_FW_F1_V1.8.4/Drivers/STM32F1xx_HAL_Driver/Src\stm32f1xx_hal_gpio_ex.c ****   * @attention
  27:C:/Users/vovua/STM32Cube/Repository/STM32Cube_FW_F1_V1.8.4/Drivers/STM32F1xx_HAL_Driver/Src\stm32f1xx_hal_gpio_ex.c ****   *
  28:C:/Users/vovua/STM32Cube/Repository/STM32Cube_FW_F1_V1.8.4/Drivers/STM32F1xx_HAL_Driver/Src\stm32f1xx_hal_gpio_ex.c ****   * <h2><center>&copy; Copyright (c) 2016 STMicroelectronics.
  29:C:/Users/vovua/STM32Cube/Repository/STM32Cube_FW_F1_V1.8.4/Drivers/STM32F1xx_HAL_Driver/Src\stm32f1xx_hal_gpio_ex.c ****   * All rights reserved.</center></h2>
  30:C:/Users/vovua/STM32Cube/Repository/STM32Cube_FW_F1_V1.8.4/Drivers/STM32F1xx_HAL_Driver/Src\stm32f1xx_hal_gpio_ex.c ****   *
  31:C:/Users/vovua/STM32Cube/Repository/STM32Cube_FW_F1_V1.8.4/Drivers/STM32F1xx_HAL_Driver/Src\stm32f1xx_hal_gpio_ex.c ****   * This software component is licensed by ST under BSD 3-Clause license,
ARM GAS  C:\Users\vovua\AppData\Local\Temp\ccW7Bf2z.s 			page 2


  32:C:/Users/vovua/STM32Cube/Repository/STM32Cube_FW_F1_V1.8.4/Drivers/STM32F1xx_HAL_Driver/Src\stm32f1xx_hal_gpio_ex.c ****   * the "License"; You may not use this file except in compliance with the
  33:C:/Users/vovua/STM32Cube/Repository/STM32Cube_FW_F1_V1.8.4/Drivers/STM32F1xx_HAL_Driver/Src\stm32f1xx_hal_gpio_ex.c ****   * License. You may obtain a copy of the License at:
  34:C:/Users/vovua/STM32Cube/Repository/STM32Cube_FW_F1_V1.8.4/Drivers/STM32F1xx_HAL_Driver/Src\stm32f1xx_hal_gpio_ex.c ****   *                        opensource.org/licenses/BSD-3-Clause
  35:C:/Users/vovua/STM32Cube/Repository/STM32Cube_FW_F1_V1.8.4/Drivers/STM32F1xx_HAL_Driver/Src\stm32f1xx_hal_gpio_ex.c ****   *
  36:C:/Users/vovua/STM32Cube/Repository/STM32Cube_FW_F1_V1.8.4/Drivers/STM32F1xx_HAL_Driver/Src\stm32f1xx_hal_gpio_ex.c ****   ******************************************************************************
  37:C:/Users/vovua/STM32Cube/Repository/STM32Cube_FW_F1_V1.8.4/Drivers/STM32F1xx_HAL_Driver/Src\stm32f1xx_hal_gpio_ex.c ****   */
  38:C:/Users/vovua/STM32Cube/Repository/STM32Cube_FW_F1_V1.8.4/Drivers/STM32F1xx_HAL_Driver/Src\stm32f1xx_hal_gpio_ex.c **** 
  39:C:/Users/vovua/STM32Cube/Repository/STM32Cube_FW_F1_V1.8.4/Drivers/STM32F1xx_HAL_Driver/Src\stm32f1xx_hal_gpio_ex.c **** /* Includes ------------------------------------------------------------------*/
  40:C:/Users/vovua/STM32Cube/Repository/STM32Cube_FW_F1_V1.8.4/Drivers/STM32F1xx_HAL_Driver/Src\stm32f1xx_hal_gpio_ex.c **** #include "stm32f1xx_hal.h"
  41:C:/Users/vovua/STM32Cube/Repository/STM32Cube_FW_F1_V1.8.4/Drivers/STM32F1xx_HAL_Driver/Src\stm32f1xx_hal_gpio_ex.c **** 
  42:C:/Users/vovua/STM32Cube/Repository/STM32Cube_FW_F1_V1.8.4/Drivers/STM32F1xx_HAL_Driver/Src\stm32f1xx_hal_gpio_ex.c **** /** @addtogroup STM32F1xx_HAL_Driver
  43:C:/Users/vovua/STM32Cube/Repository/STM32Cube_FW_F1_V1.8.4/Drivers/STM32F1xx_HAL_Driver/Src\stm32f1xx_hal_gpio_ex.c ****   * @{
  44:C:/Users/vovua/STM32Cube/Repository/STM32Cube_FW_F1_V1.8.4/Drivers/STM32F1xx_HAL_Driver/Src\stm32f1xx_hal_gpio_ex.c ****   */
  45:C:/Users/vovua/STM32Cube/Repository/STM32Cube_FW_F1_V1.8.4/Drivers/STM32F1xx_HAL_Driver/Src\stm32f1xx_hal_gpio_ex.c **** 
  46:C:/Users/vovua/STM32Cube/Repository/STM32Cube_FW_F1_V1.8.4/Drivers/STM32F1xx_HAL_Driver/Src\stm32f1xx_hal_gpio_ex.c **** /** @defgroup GPIOEx GPIOEx
  47:C:/Users/vovua/STM32Cube/Repository/STM32Cube_FW_F1_V1.8.4/Drivers/STM32F1xx_HAL_Driver/Src\stm32f1xx_hal_gpio_ex.c ****   * @brief GPIO HAL module driver
  48:C:/Users/vovua/STM32Cube/Repository/STM32Cube_FW_F1_V1.8.4/Drivers/STM32F1xx_HAL_Driver/Src\stm32f1xx_hal_gpio_ex.c ****   * @{
  49:C:/Users/vovua/STM32Cube/Repository/STM32Cube_FW_F1_V1.8.4/Drivers/STM32F1xx_HAL_Driver/Src\stm32f1xx_hal_gpio_ex.c ****   */
  50:C:/Users/vovua/STM32Cube/Repository/STM32Cube_FW_F1_V1.8.4/Drivers/STM32F1xx_HAL_Driver/Src\stm32f1xx_hal_gpio_ex.c **** 
  51:C:/Users/vovua/STM32Cube/Repository/STM32Cube_FW_F1_V1.8.4/Drivers/STM32F1xx_HAL_Driver/Src\stm32f1xx_hal_gpio_ex.c **** #ifdef HAL_GPIO_MODULE_ENABLED
  52:C:/Users/vovua/STM32Cube/Repository/STM32Cube_FW_F1_V1.8.4/Drivers/STM32F1xx_HAL_Driver/Src\stm32f1xx_hal_gpio_ex.c **** 
  53:C:/Users/vovua/STM32Cube/Repository/STM32Cube_FW_F1_V1.8.4/Drivers/STM32F1xx_HAL_Driver/Src\stm32f1xx_hal_gpio_ex.c **** /** @defgroup GPIOEx_Exported_Functions GPIOEx Exported Functions
  54:C:/Users/vovua/STM32Cube/Repository/STM32Cube_FW_F1_V1.8.4/Drivers/STM32F1xx_HAL_Driver/Src\stm32f1xx_hal_gpio_ex.c ****   * @{
  55:C:/Users/vovua/STM32Cube/Repository/STM32Cube_FW_F1_V1.8.4/Drivers/STM32F1xx_HAL_Driver/Src\stm32f1xx_hal_gpio_ex.c ****   */
  56:C:/Users/vovua/STM32Cube/Repository/STM32Cube_FW_F1_V1.8.4/Drivers/STM32F1xx_HAL_Driver/Src\stm32f1xx_hal_gpio_ex.c **** 
  57:C:/Users/vovua/STM32Cube/Repository/STM32Cube_FW_F1_V1.8.4/Drivers/STM32F1xx_HAL_Driver/Src\stm32f1xx_hal_gpio_ex.c **** /** @defgroup GPIOEx_Exported_Functions_Group1 Extended features functions
  58:C:/Users/vovua/STM32Cube/Repository/STM32Cube_FW_F1_V1.8.4/Drivers/STM32F1xx_HAL_Driver/Src\stm32f1xx_hal_gpio_ex.c ****  *  @brief    Extended features functions
  59:C:/Users/vovua/STM32Cube/Repository/STM32Cube_FW_F1_V1.8.4/Drivers/STM32F1xx_HAL_Driver/Src\stm32f1xx_hal_gpio_ex.c ****  *
  60:C:/Users/vovua/STM32Cube/Repository/STM32Cube_FW_F1_V1.8.4/Drivers/STM32F1xx_HAL_Driver/Src\stm32f1xx_hal_gpio_ex.c **** @verbatim
  61:C:/Users/vovua/STM32Cube/Repository/STM32Cube_FW_F1_V1.8.4/Drivers/STM32F1xx_HAL_Driver/Src\stm32f1xx_hal_gpio_ex.c ****   ==============================================================================
  62:C:/Users/vovua/STM32Cube/Repository/STM32Cube_FW_F1_V1.8.4/Drivers/STM32F1xx_HAL_Driver/Src\stm32f1xx_hal_gpio_ex.c ****                  ##### Extended features functions #####
  63:C:/Users/vovua/STM32Cube/Repository/STM32Cube_FW_F1_V1.8.4/Drivers/STM32F1xx_HAL_Driver/Src\stm32f1xx_hal_gpio_ex.c ****   ==============================================================================
  64:C:/Users/vovua/STM32Cube/Repository/STM32Cube_FW_F1_V1.8.4/Drivers/STM32F1xx_HAL_Driver/Src\stm32f1xx_hal_gpio_ex.c ****     [..]  This section provides functions allowing to:
  65:C:/Users/vovua/STM32Cube/Repository/STM32Cube_FW_F1_V1.8.4/Drivers/STM32F1xx_HAL_Driver/Src\stm32f1xx_hal_gpio_ex.c ****     (+) Configure EVENTOUT Cortex feature using the function HAL_GPIOEx_ConfigEventout()
  66:C:/Users/vovua/STM32Cube/Repository/STM32Cube_FW_F1_V1.8.4/Drivers/STM32F1xx_HAL_Driver/Src\stm32f1xx_hal_gpio_ex.c ****     (+) Activate EVENTOUT Cortex feature using the HAL_GPIOEx_EnableEventout()
  67:C:/Users/vovua/STM32Cube/Repository/STM32Cube_FW_F1_V1.8.4/Drivers/STM32F1xx_HAL_Driver/Src\stm32f1xx_hal_gpio_ex.c ****     (+) Deactivate EVENTOUT Cortex feature using the HAL_GPIOEx_DisableEventout()
  68:C:/Users/vovua/STM32Cube/Repository/STM32Cube_FW_F1_V1.8.4/Drivers/STM32F1xx_HAL_Driver/Src\stm32f1xx_hal_gpio_ex.c **** 
  69:C:/Users/vovua/STM32Cube/Repository/STM32Cube_FW_F1_V1.8.4/Drivers/STM32F1xx_HAL_Driver/Src\stm32f1xx_hal_gpio_ex.c **** @endverbatim
  70:C:/Users/vovua/STM32Cube/Repository/STM32Cube_FW_F1_V1.8.4/Drivers/STM32F1xx_HAL_Driver/Src\stm32f1xx_hal_gpio_ex.c ****   * @{
  71:C:/Users/vovua/STM32Cube/Repository/STM32Cube_FW_F1_V1.8.4/Drivers/STM32F1xx_HAL_Driver/Src\stm32f1xx_hal_gpio_ex.c ****   */
  72:C:/Users/vovua/STM32Cube/Repository/STM32Cube_FW_F1_V1.8.4/Drivers/STM32F1xx_HAL_Driver/Src\stm32f1xx_hal_gpio_ex.c **** 
  73:C:/Users/vovua/STM32Cube/Repository/STM32Cube_FW_F1_V1.8.4/Drivers/STM32F1xx_HAL_Driver/Src\stm32f1xx_hal_gpio_ex.c **** /**
  74:C:/Users/vovua/STM32Cube/Repository/STM32Cube_FW_F1_V1.8.4/Drivers/STM32F1xx_HAL_Driver/Src\stm32f1xx_hal_gpio_ex.c ****   * @brief  Configures the port and pin on which the EVENTOUT Cortex signal will be connected.
  75:C:/Users/vovua/STM32Cube/Repository/STM32Cube_FW_F1_V1.8.4/Drivers/STM32F1xx_HAL_Driver/Src\stm32f1xx_hal_gpio_ex.c ****   * @param  GPIO_PortSource Select the port used to output the Cortex EVENTOUT signal.
  76:C:/Users/vovua/STM32Cube/Repository/STM32Cube_FW_F1_V1.8.4/Drivers/STM32F1xx_HAL_Driver/Src\stm32f1xx_hal_gpio_ex.c ****   *   This parameter can be a value of @ref GPIOEx_EVENTOUT_PORT.
  77:C:/Users/vovua/STM32Cube/Repository/STM32Cube_FW_F1_V1.8.4/Drivers/STM32F1xx_HAL_Driver/Src\stm32f1xx_hal_gpio_ex.c ****   * @param  GPIO_PinSource Select the pin used to output the Cortex EVENTOUT signal.
  78:C:/Users/vovua/STM32Cube/Repository/STM32Cube_FW_F1_V1.8.4/Drivers/STM32F1xx_HAL_Driver/Src\stm32f1xx_hal_gpio_ex.c ****   *   This parameter can be a value of @ref GPIOEx_EVENTOUT_PIN.
  79:C:/Users/vovua/STM32Cube/Repository/STM32Cube_FW_F1_V1.8.4/Drivers/STM32F1xx_HAL_Driver/Src\stm32f1xx_hal_gpio_ex.c ****   * @retval None
  80:C:/Users/vovua/STM32Cube/Repository/STM32Cube_FW_F1_V1.8.4/Drivers/STM32F1xx_HAL_Driver/Src\stm32f1xx_hal_gpio_ex.c ****   */
  81:C:/Users/vovua/STM32Cube/Repository/STM32Cube_FW_F1_V1.8.4/Drivers/STM32F1xx_HAL_Driver/Src\stm32f1xx_hal_gpio_ex.c **** void HAL_GPIOEx_ConfigEventout(uint32_t GPIO_PortSource, uint32_t GPIO_PinSource)
  82:C:/Users/vovua/STM32Cube/Repository/STM32Cube_FW_F1_V1.8.4/Drivers/STM32F1xx_HAL_Driver/Src\stm32f1xx_hal_gpio_ex.c **** {
  28              		.loc 1 82 1 view -0
  29              		.cfi_startproc
  30              		@ args = 0, pretend = 0, frame = 0
  31              		@ frame_needed = 0, uses_anonymous_args = 0
  32              		@ link register save eliminated.
  83:C:/Users/vovua/STM32Cube/Repository/STM32Cube_FW_F1_V1.8.4/Drivers/STM32F1xx_HAL_Driver/Src\stm32f1xx_hal_gpio_ex.c ****   /* Verify the parameters */
ARM GAS  C:\Users\vovua\AppData\Local\Temp\ccW7Bf2z.s 			page 3


  84:C:/Users/vovua/STM32Cube/Repository/STM32Cube_FW_F1_V1.8.4/Drivers/STM32F1xx_HAL_Driver/Src\stm32f1xx_hal_gpio_ex.c ****   assert_param(IS_AFIO_EVENTOUT_PORT(GPIO_PortSource));
  33              		.loc 1 84 3 view .LVU1
  85:C:/Users/vovua/STM32Cube/Repository/STM32Cube_FW_F1_V1.8.4/Drivers/STM32F1xx_HAL_Driver/Src\stm32f1xx_hal_gpio_ex.c ****   assert_param(IS_AFIO_EVENTOUT_PIN(GPIO_PinSource));
  34              		.loc 1 85 3 view .LVU2
  86:C:/Users/vovua/STM32Cube/Repository/STM32Cube_FW_F1_V1.8.4/Drivers/STM32F1xx_HAL_Driver/Src\stm32f1xx_hal_gpio_ex.c **** 
  87:C:/Users/vovua/STM32Cube/Repository/STM32Cube_FW_F1_V1.8.4/Drivers/STM32F1xx_HAL_Driver/Src\stm32f1xx_hal_gpio_ex.c ****   /* Apply the new configuration */
  88:C:/Users/vovua/STM32Cube/Repository/STM32Cube_FW_F1_V1.8.4/Drivers/STM32F1xx_HAL_Driver/Src\stm32f1xx_hal_gpio_ex.c ****   MODIFY_REG(AFIO->EVCR, (AFIO_EVCR_PORT) | (AFIO_EVCR_PIN), (GPIO_PortSource) | (GPIO_PinSource));
  35              		.loc 1 88 3 view .LVU3
  36 0000 034A     		ldr	r2, .L2
  37 0002 1368     		ldr	r3, [r2]
  38 0004 23F07F03 		bic	r3, r3, #127
  39 0008 0843     		orrs	r0, r0, r1
  40              	.LVL1:
  41              		.loc 1 88 3 is_stmt 0 view .LVU4
  42 000a 0343     		orrs	r3, r3, r0
  43 000c 1360     		str	r3, [r2]
  89:C:/Users/vovua/STM32Cube/Repository/STM32Cube_FW_F1_V1.8.4/Drivers/STM32F1xx_HAL_Driver/Src\stm32f1xx_hal_gpio_ex.c **** }
  44              		.loc 1 89 1 view .LVU5
  45 000e 7047     		bx	lr
  46              	.L3:
  47              		.align	2
  48              	.L2:
  49 0010 00000140 		.word	1073807360
  50              		.cfi_endproc
  51              	.LFE65:
  53              		.section	.text.HAL_GPIOEx_EnableEventout,"ax",%progbits
  54              		.align	1
  55              		.global	HAL_GPIOEx_EnableEventout
  56              		.syntax unified
  57              		.thumb
  58              		.thumb_func
  60              	HAL_GPIOEx_EnableEventout:
  61              	.LFB66:
  90:C:/Users/vovua/STM32Cube/Repository/STM32Cube_FW_F1_V1.8.4/Drivers/STM32F1xx_HAL_Driver/Src\stm32f1xx_hal_gpio_ex.c **** 
  91:C:/Users/vovua/STM32Cube/Repository/STM32Cube_FW_F1_V1.8.4/Drivers/STM32F1xx_HAL_Driver/Src\stm32f1xx_hal_gpio_ex.c **** /**
  92:C:/Users/vovua/STM32Cube/Repository/STM32Cube_FW_F1_V1.8.4/Drivers/STM32F1xx_HAL_Driver/Src\stm32f1xx_hal_gpio_ex.c ****   * @brief  Enables the Event Output.
  93:C:/Users/vovua/STM32Cube/Repository/STM32Cube_FW_F1_V1.8.4/Drivers/STM32F1xx_HAL_Driver/Src\stm32f1xx_hal_gpio_ex.c ****   * @retval None
  94:C:/Users/vovua/STM32Cube/Repository/STM32Cube_FW_F1_V1.8.4/Drivers/STM32F1xx_HAL_Driver/Src\stm32f1xx_hal_gpio_ex.c ****   */
  95:C:/Users/vovua/STM32Cube/Repository/STM32Cube_FW_F1_V1.8.4/Drivers/STM32F1xx_HAL_Driver/Src\stm32f1xx_hal_gpio_ex.c **** void HAL_GPIOEx_EnableEventout(void)
  96:C:/Users/vovua/STM32Cube/Repository/STM32Cube_FW_F1_V1.8.4/Drivers/STM32F1xx_HAL_Driver/Src\stm32f1xx_hal_gpio_ex.c **** {
  62              		.loc 1 96 1 is_stmt 1 view -0
  63              		.cfi_startproc
  64              		@ args = 0, pretend = 0, frame = 0
  65              		@ frame_needed = 0, uses_anonymous_args = 0
  66              		@ link register save eliminated.
  97:C:/Users/vovua/STM32Cube/Repository/STM32Cube_FW_F1_V1.8.4/Drivers/STM32F1xx_HAL_Driver/Src\stm32f1xx_hal_gpio_ex.c ****   SET_BIT(AFIO->EVCR, AFIO_EVCR_EVOE);
  67              		.loc 1 97 3 view .LVU7
  68 0000 024A     		ldr	r2, .L5
  69 0002 1368     		ldr	r3, [r2]
  70 0004 43F08003 		orr	r3, r3, #128
  71 0008 1360     		str	r3, [r2]
  98:C:/Users/vovua/STM32Cube/Repository/STM32Cube_FW_F1_V1.8.4/Drivers/STM32F1xx_HAL_Driver/Src\stm32f1xx_hal_gpio_ex.c **** }
  72              		.loc 1 98 1 is_stmt 0 view .LVU8
  73 000a 7047     		bx	lr
  74              	.L6:
  75              		.align	2
  76              	.L5:
ARM GAS  C:\Users\vovua\AppData\Local\Temp\ccW7Bf2z.s 			page 4


  77 000c 00000140 		.word	1073807360
  78              		.cfi_endproc
  79              	.LFE66:
  81              		.section	.text.HAL_GPIOEx_DisableEventout,"ax",%progbits
  82              		.align	1
  83              		.global	HAL_GPIOEx_DisableEventout
  84              		.syntax unified
  85              		.thumb
  86              		.thumb_func
  88              	HAL_GPIOEx_DisableEventout:
  89              	.LFB67:
  99:C:/Users/vovua/STM32Cube/Repository/STM32Cube_FW_F1_V1.8.4/Drivers/STM32F1xx_HAL_Driver/Src\stm32f1xx_hal_gpio_ex.c **** 
 100:C:/Users/vovua/STM32Cube/Repository/STM32Cube_FW_F1_V1.8.4/Drivers/STM32F1xx_HAL_Driver/Src\stm32f1xx_hal_gpio_ex.c **** /**
 101:C:/Users/vovua/STM32Cube/Repository/STM32Cube_FW_F1_V1.8.4/Drivers/STM32F1xx_HAL_Driver/Src\stm32f1xx_hal_gpio_ex.c ****   * @brief  Disables the Event Output.
 102:C:/Users/vovua/STM32Cube/Repository/STM32Cube_FW_F1_V1.8.4/Drivers/STM32F1xx_HAL_Driver/Src\stm32f1xx_hal_gpio_ex.c ****   * @retval None
 103:C:/Users/vovua/STM32Cube/Repository/STM32Cube_FW_F1_V1.8.4/Drivers/STM32F1xx_HAL_Driver/Src\stm32f1xx_hal_gpio_ex.c ****   */
 104:C:/Users/vovua/STM32Cube/Repository/STM32Cube_FW_F1_V1.8.4/Drivers/STM32F1xx_HAL_Driver/Src\stm32f1xx_hal_gpio_ex.c **** void HAL_GPIOEx_DisableEventout(void)
 105:C:/Users/vovua/STM32Cube/Repository/STM32Cube_FW_F1_V1.8.4/Drivers/STM32F1xx_HAL_Driver/Src\stm32f1xx_hal_gpio_ex.c **** {
  90              		.loc 1 105 1 is_stmt 1 view -0
  91              		.cfi_startproc
  92              		@ args = 0, pretend = 0, frame = 0
  93              		@ frame_needed = 0, uses_anonymous_args = 0
  94              		@ link register save eliminated.
 106:C:/Users/vovua/STM32Cube/Repository/STM32Cube_FW_F1_V1.8.4/Drivers/STM32F1xx_HAL_Driver/Src\stm32f1xx_hal_gpio_ex.c ****   CLEAR_BIT(AFIO->EVCR, AFIO_EVCR_EVOE);
  95              		.loc 1 106 3 view .LVU10
  96 0000 024A     		ldr	r2, .L8
  97 0002 1368     		ldr	r3, [r2]
  98 0004 23F08003 		bic	r3, r3, #128
  99 0008 1360     		str	r3, [r2]
 107:C:/Users/vovua/STM32Cube/Repository/STM32Cube_FW_F1_V1.8.4/Drivers/STM32F1xx_HAL_Driver/Src\stm32f1xx_hal_gpio_ex.c **** }
 100              		.loc 1 107 1 is_stmt 0 view .LVU11
 101 000a 7047     		bx	lr
 102              	.L9:
 103              		.align	2
 104              	.L8:
 105 000c 00000140 		.word	1073807360
 106              		.cfi_endproc
 107              	.LFE67:
 109              		.text
 110              	.Letext0:
 111              		.file 2 "c:\\arm-gnu-toolchain-12.2.rel1-mingw-w64-i686-arm-none-eabi\\arm-none-eabi\\include\\mac
 112              		.file 3 "c:\\arm-gnu-toolchain-12.2.rel1-mingw-w64-i686-arm-none-eabi\\arm-none-eabi\\include\\sys
 113              		.file 4 "C:/Users/vovua/STM32Cube/Repository/STM32Cube_FW_F1_V1.8.4/Drivers/CMSIS/Device/ST/STM32F
ARM GAS  C:\Users\vovua\AppData\Local\Temp\ccW7Bf2z.s 			page 5


DEFINED SYMBOLS
                            *ABS*:00000000 stm32f1xx_hal_gpio_ex.c
C:\Users\vovua\AppData\Local\Temp\ccW7Bf2z.s:19     .text.HAL_GPIOEx_ConfigEventout:00000000 $t
C:\Users\vovua\AppData\Local\Temp\ccW7Bf2z.s:25     .text.HAL_GPIOEx_ConfigEventout:00000000 HAL_GPIOEx_ConfigEventout
C:\Users\vovua\AppData\Local\Temp\ccW7Bf2z.s:49     .text.HAL_GPIOEx_ConfigEventout:00000010 $d
C:\Users\vovua\AppData\Local\Temp\ccW7Bf2z.s:54     .text.HAL_GPIOEx_EnableEventout:00000000 $t
C:\Users\vovua\AppData\Local\Temp\ccW7Bf2z.s:60     .text.HAL_GPIOEx_EnableEventout:00000000 HAL_GPIOEx_EnableEventout
C:\Users\vovua\AppData\Local\Temp\ccW7Bf2z.s:77     .text.HAL_GPIOEx_EnableEventout:0000000c $d
C:\Users\vovua\AppData\Local\Temp\ccW7Bf2z.s:82     .text.HAL_GPIOEx_DisableEventout:00000000 $t
C:\Users\vovua\AppData\Local\Temp\ccW7Bf2z.s:88     .text.HAL_GPIOEx_DisableEventout:00000000 HAL_GPIOEx_DisableEventout
C:\Users\vovua\AppData\Local\Temp\ccW7Bf2z.s:105    .text.HAL_GPIOEx_DisableEventout:0000000c $d

NO UNDEFINED SYMBOLS
